-------------------------------------------------------------------------------
Test set: io.quarkus.workshop.superheroes.villain.VillainResourceTest
-------------------------------------------------------------------------------
Tests run: 13, Failures: 0, Errors: 1, Skipped: 12, Time elapsed: 34.211 s <<< FAILURE! - in io.quarkus.workshop.superheroes.villain.VillainResourceTest
io.quarkus.workshop.superheroes.villain.VillainResourceTest.shouldGetInitialItems  Time elapsed: 0.007 s  <<< ERROR!
java.lang.RuntimeException: java.lang.RuntimeException: Failed to start quarkus
Caused by: java.lang.RuntimeException: Failed to start quarkus
Caused by: java.lang.RuntimeException: javax.persistence.PersistenceException: [PersistenceUnit: <default>] Unable to build Hibernate SessionFactory
Caused by: javax.persistence.PersistenceException: [PersistenceUnit: <default>] Unable to build Hibernate SessionFactory
Caused by: org.hibernate.exception.JDBCConnectionException: Unable to open JDBC Connection for DDL execution
Caused by: org.postgresql.util.PSQLException: El intento de conexión falló.
Caused by: java.net.SocketTimeoutException: connect timed out

